have_header: checking for assert.h... -------------------- yes

"gcc -o conftest -I/usr/share/rvm/rubies/ruby-2.1.2/include/ruby-2.1.0/x86_64-linux -I/usr/share/rvm/rubies/ruby-2.1.2/include/ruby-2.1.0/ruby/backward -I/usr/share/rvm/rubies/ruby-2.1.2/include/ruby-2.1.0 -I.     -O3 -fno-fast-math -ggdb3 -Wall -Wextra -Wno-unused-parameter -Wno-parentheses -Wno-long-long -Wno-missing-field-initializers -Wunused-variable -Wpointer-arith -Wwrite-strings -Wdeclaration-after-statement -Wimplicit-function-declaration  -fPIC conftest.c  -L. -L/usr/share/rvm/rubies/ruby-2.1.2/lib -Wl,-R/usr/share/rvm/rubies/ruby-2.1.2/lib -L. -fstack-protector -rdynamic -Wl,-export-dynamic     -Wl,-rpath,'/../lib' -Wl,-R -Wl,'/../lib' -L'/../lib' -lruby  -lpthread -ldl -lcrypt -lm   -lc"
checked program was:
/* begin */
1: #include "ruby.h"
2: 
3: int main(int argc, char **argv)
4: {
5:   return 0;
6: }
/* end */

"gcc -E -I/usr/share/rvm/rubies/ruby-2.1.2/include/ruby-2.1.0/x86_64-linux -I/usr/share/rvm/rubies/ruby-2.1.2/include/ruby-2.1.0/ruby/backward -I/usr/share/rvm/rubies/ruby-2.1.2/include/ruby-2.1.0 -I.     -O3 -fno-fast-math -ggdb3 -Wall -Wextra -Wno-unused-parameter -Wno-parentheses -Wno-long-long -Wno-missing-field-initializers -Wunused-variable -Wpointer-arith -Wwrite-strings -Wdeclaration-after-statement -Wimplicit-function-declaration  -fPIC  conftest.c -o conftest.i"
checked program was:
/* begin */
1: #include "ruby.h"
2: 
3: #include <assert.h>
/* end */

--------------------

find_header: checking for gcc.h in ./../fast_xs... -------------------- yes

"gcc -E -I/usr/share/rvm/rubies/ruby-2.1.2/include/ruby-2.1.0/x86_64-linux -I/usr/share/rvm/rubies/ruby-2.1.2/include/ruby-2.1.0/ruby/backward -I/usr/share/rvm/rubies/ruby-2.1.2/include/ruby-2.1.0 -I.     -O3 -fno-fast-math -ggdb3 -Wall -Wextra -Wno-unused-parameter -Wno-parentheses -Wno-long-long -Wno-missing-field-initializers -Wunused-variable -Wpointer-arith -Wwrite-strings -Wdeclaration-after-statement -Wimplicit-function-declaration  -fPIC  conftest.c -o conftest.i"
conftest.c:3:17: fatal error: gcc.h: No such file or directory
 #include <gcc.h>
                 ^
compilation terminated.
checked program was:
/* begin */
1: #include "ruby.h"
2: 
3: #include <gcc.h>
/* end */

"gcc -E -I/usr/share/rvm/rubies/ruby-2.1.2/include/ruby-2.1.0/x86_64-linux -I/usr/share/rvm/rubies/ruby-2.1.2/include/ruby-2.1.0/ruby/backward -I/usr/share/rvm/rubies/ruby-2.1.2/include/ruby-2.1.0 -I.     -O3 -fno-fast-math -ggdb3 -Wall -Wextra -Wno-unused-parameter -Wno-parentheses -Wno-long-long -Wno-missing-field-initializers -Wunused-variable -Wpointer-arith -Wwrite-strings -Wdeclaration-after-statement -Wimplicit-function-declaration  -fPIC -I./../fast_xs conftest.c -o conftest.i"
checked program was:
/* begin */
1: #include "ruby.h"
2: 
3: #include <gcc.h>
/* end */

--------------------

